Performing C SOURCE FILE Test CMAKE_HAVE_LIBC_PTHREAD failed with the following output:
Change Dir: /mnt/642ca650-13b4-4f85-9e89-67cf1189229d/david/home_backup/geant4/PIN_Ruth/exe/CMakeFiles/CMakeTmp

Run Build Command(s):/usr/bin/make cmTC_95c8f/fast && /usr/bin/make -f CMakeFiles/cmTC_95c8f.dir/build.make CMakeFiles/cmTC_95c8f.dir/build
make[1]: Entering directory '/mnt/642ca650-13b4-4f85-9e89-67cf1189229d/david/home_backup/geant4/PIN_Ruth/exe/CMakeFiles/CMakeTmp'
Building C object CMakeFiles/cmTC_95c8f.dir/src.c.o
/usr/bin/cc   -DCMAKE_HAVE_LIBC_PTHREAD   -o CMakeFiles/cmTC_95c8f.dir/src.c.o   -c /mnt/642ca650-13b4-4f85-9e89-67cf1189229d/david/home_backup/geant4/PIN_Ruth/exe/CMakeFiles/CMakeTmp/src.c
Linking C executable cmTC_95c8f
/usr/bin/cmake -E cmake_link_script CMakeFiles/cmTC_95c8f.dir/link.txt --verbose=1
/usr/bin/cc  -DCMAKE_HAVE_LIBC_PTHREAD    CMakeFiles/cmTC_95c8f.dir/src.c.o  -o cmTC_95c8f 
/usr/bin/ld: CMakeFiles/cmTC_95c8f.dir/src.c.o: in function `main':
src.c:(.text+0x46): undefined reference to `pthread_create'
/usr/bin/ld: src.c:(.text+0x52): undefined reference to `pthread_detach'
/usr/bin/ld: src.c:(.text+0x63): undefined reference to `pthread_join'
collect2: error: ld returned 1 exit status
make[1]: *** [CMakeFiles/cmTC_95c8f.dir/build.make:87: cmTC_95c8f] Error 1
make[1]: Leaving directory '/mnt/642ca650-13b4-4f85-9e89-67cf1189229d/david/home_backup/geant4/PIN_Ruth/exe/CMakeFiles/CMakeTmp'
make: *** [Makefile:121: cmTC_95c8f/fast] Error 2


Source file was:
#include <pthread.h>

void* test_func(void* data)
{
  return data;
}

int main(void)
{
  pthread_t thread;
  pthread_create(&thread, NULL, test_func, NULL);
  pthread_detach(thread);
  pthread_join(thread, NULL);
  pthread_atfork(NULL, NULL, NULL);
  pthread_exit(NULL);

  return 0;
}

